2020-10-27 14:14:16.993 [main] WARN  com.netflix.config.sources.URLConfigurationSource - No URLs will be polled as dynamic configuration sources.
2020-10-27 14:14:17.021 [main] WARN  com.netflix.config.sources.URLConfigurationSource - No URLs will be polled as dynamic configuration sources.
2020-10-27 14:20:48.899 [main] WARN  com.netflix.config.sources.URLConfigurationSource - No URLs will be polled as dynamic configuration sources.
2020-10-27 14:20:48.905 [main] WARN  com.netflix.config.sources.URLConfigurationSource - No URLs will be polled as dynamic configuration sources.
2020-10-27 14:23:02.051 [main] WARN  com.netflix.config.sources.URLConfigurationSource - No URLs will be polled as dynamic configuration sources.
2020-10-27 14:23:02.061 [main] WARN  com.netflix.config.sources.URLConfigurationSource - No URLs will be polled as dynamic configuration sources.
2020-10-27 14:32:28.640 [main] WARN  com.netflix.config.sources.URLConfigurationSource - No URLs will be polled as dynamic configuration sources.
2020-10-27 14:32:28.649 [main] WARN  com.netflix.config.sources.URLConfigurationSource - No URLs will be polled as dynamic configuration sources.
2020-10-27 14:40:18.406 [main] WARN  com.netflix.config.sources.URLConfigurationSource - No URLs will be polled as dynamic configuration sources.
2020-10-27 14:40:18.417 [main] WARN  com.netflix.config.sources.URLConfigurationSource - No URLs will be polled as dynamic configuration sources.
2020-10-27 14:55:52.040 [main] WARN  com.netflix.config.sources.URLConfigurationSource - No URLs will be polled as dynamic configuration sources.
2020-10-27 14:55:52.047 [main] WARN  com.netflix.config.sources.URLConfigurationSource - No URLs will be polled as dynamic configuration sources.
2020-10-27 15:09:03.978 [main] WARN  org.mybatis.spring.mapper.ClassPathMapperScanner - Skipping MapperFactoryBean with name 'eduChapterMapper' and 'com.college.serviceedu.mapper.EduChapterMapper' mapperInterface. Bean already defined with the same name!
2020-10-27 15:09:03.979 [main] WARN  org.mybatis.spring.mapper.ClassPathMapperScanner - Skipping MapperFactoryBean with name 'eduCommentMapper' and 'com.college.serviceedu.mapper.EduCommentMapper' mapperInterface. Bean already defined with the same name!
2020-10-27 15:09:03.980 [main] WARN  org.mybatis.spring.mapper.ClassPathMapperScanner - Skipping MapperFactoryBean with name 'eduCourseDescriptionMapper' and 'com.college.serviceedu.mapper.EduCourseDescriptionMapper' mapperInterface. Bean already defined with the same name!
2020-10-27 15:09:03.980 [main] WARN  org.mybatis.spring.mapper.ClassPathMapperScanner - Skipping MapperFactoryBean with name 'eduCourseMapper' and 'com.college.serviceedu.mapper.EduCourseMapper' mapperInterface. Bean already defined with the same name!
2020-10-27 15:09:03.980 [main] WARN  org.mybatis.spring.mapper.ClassPathMapperScanner - Skipping MapperFactoryBean with name 'eduSubjectMapper' and 'com.college.serviceedu.mapper.EduSubjectMapper' mapperInterface. Bean already defined with the same name!
2020-10-27 15:09:03.981 [main] WARN  org.mybatis.spring.mapper.ClassPathMapperScanner - Skipping MapperFactoryBean with name 'eduTeacherMapper' and 'com.college.serviceedu.mapper.EduTeacherMapper' mapperInterface. Bean already defined with the same name!
2020-10-27 15:09:03.981 [main] WARN  org.mybatis.spring.mapper.ClassPathMapperScanner - Skipping MapperFactoryBean with name 'eduVideoMapper' and 'com.college.serviceedu.mapper.EduVideoMapper' mapperInterface. Bean already defined with the same name!
2020-10-27 15:09:03.982 [main] WARN  org.mybatis.spring.mapper.ClassPathMapperScanner - No MyBatis mapper was found in '[com.college.serviceedu.mapper]' package. Please check your configuration.
2020-10-27 15:09:09.247 [main] WARN  com.netflix.config.sources.URLConfigurationSource - No URLs will be polled as dynamic configuration sources.
2020-10-27 15:09:09.257 [main] WARN  com.netflix.config.sources.URLConfigurationSource - No URLs will be polled as dynamic configuration sources.
2020-10-27 15:27:17.116 [main] WARN  org.mybatis.spring.mapper.ClassPathMapperScanner - Skipping MapperFactoryBean with name 'eduChapterMapper' and 'com.college.serviceedu.mapper.EduChapterMapper' mapperInterface. Bean already defined with the same name!
2020-10-27 15:27:17.117 [main] WARN  org.mybatis.spring.mapper.ClassPathMapperScanner - Skipping MapperFactoryBean with name 'eduCommentMapper' and 'com.college.serviceedu.mapper.EduCommentMapper' mapperInterface. Bean already defined with the same name!
2020-10-27 15:27:17.118 [main] WARN  org.mybatis.spring.mapper.ClassPathMapperScanner - Skipping MapperFactoryBean with name 'eduCourseDescriptionMapper' and 'com.college.serviceedu.mapper.EduCourseDescriptionMapper' mapperInterface. Bean already defined with the same name!
2020-10-27 15:27:17.119 [main] WARN  org.mybatis.spring.mapper.ClassPathMapperScanner - Skipping MapperFactoryBean with name 'eduCourseMapper' and 'com.college.serviceedu.mapper.EduCourseMapper' mapperInterface. Bean already defined with the same name!
2020-10-27 15:27:17.119 [main] WARN  org.mybatis.spring.mapper.ClassPathMapperScanner - Skipping MapperFactoryBean with name 'eduSubjectMapper' and 'com.college.serviceedu.mapper.EduSubjectMapper' mapperInterface. Bean already defined with the same name!
2020-10-27 15:27:17.120 [main] WARN  org.mybatis.spring.mapper.ClassPathMapperScanner - Skipping MapperFactoryBean with name 'eduTeacherMapper' and 'com.college.serviceedu.mapper.EduTeacherMapper' mapperInterface. Bean already defined with the same name!
2020-10-27 15:27:17.121 [main] WARN  org.mybatis.spring.mapper.ClassPathMapperScanner - Skipping MapperFactoryBean with name 'eduVideoMapper' and 'com.college.serviceedu.mapper.EduVideoMapper' mapperInterface. Bean already defined with the same name!
2020-10-27 15:27:17.121 [main] WARN  org.mybatis.spring.mapper.ClassPathMapperScanner - No MyBatis mapper was found in '[com.college.serviceedu.mapper]' package. Please check your configuration.
2020-10-27 15:27:25.838 [main] WARN  com.netflix.config.sources.URLConfigurationSource - No URLs will be polled as dynamic configuration sources.
2020-10-27 15:27:25.851 [main] WARN  com.netflix.config.sources.URLConfigurationSource - No URLs will be polled as dynamic configuration sources.
2020-10-27 15:29:56.984 [main] WARN  org.mybatis.spring.mapper.ClassPathMapperScanner - Skipping MapperFactoryBean with name 'eduChapterMapper' and 'com.college.serviceedu.mapper.EduChapterMapper' mapperInterface. Bean already defined with the same name!
2020-10-27 15:29:56.984 [main] WARN  org.mybatis.spring.mapper.ClassPathMapperScanner - Skipping MapperFactoryBean with name 'eduCommentMapper' and 'com.college.serviceedu.mapper.EduCommentMapper' mapperInterface. Bean already defined with the same name!
2020-10-27 15:29:56.984 [main] WARN  org.mybatis.spring.mapper.ClassPathMapperScanner - Skipping MapperFactoryBean with name 'eduCourseDescriptionMapper' and 'com.college.serviceedu.mapper.EduCourseDescriptionMapper' mapperInterface. Bean already defined with the same name!
2020-10-27 15:29:56.985 [main] WARN  org.mybatis.spring.mapper.ClassPathMapperScanner - Skipping MapperFactoryBean with name 'eduCourseMapper' and 'com.college.serviceedu.mapper.EduCourseMapper' mapperInterface. Bean already defined with the same name!
2020-10-27 15:29:56.985 [main] WARN  org.mybatis.spring.mapper.ClassPathMapperScanner - Skipping MapperFactoryBean with name 'eduSubjectMapper' and 'com.college.serviceedu.mapper.EduSubjectMapper' mapperInterface. Bean already defined with the same name!
2020-10-27 15:29:56.985 [main] WARN  org.mybatis.spring.mapper.ClassPathMapperScanner - Skipping MapperFactoryBean with name 'eduTeacherMapper' and 'com.college.serviceedu.mapper.EduTeacherMapper' mapperInterface. Bean already defined with the same name!
2020-10-27 15:29:56.985 [main] WARN  org.mybatis.spring.mapper.ClassPathMapperScanner - Skipping MapperFactoryBean with name 'eduVideoMapper' and 'com.college.serviceedu.mapper.EduVideoMapper' mapperInterface. Bean already defined with the same name!
2020-10-27 15:29:56.985 [main] WARN  org.mybatis.spring.mapper.ClassPathMapperScanner - No MyBatis mapper was found in '[com.college.serviceedu.mapper]' package. Please check your configuration.
2020-10-27 15:30:02.959 [main] WARN  com.netflix.config.sources.URLConfigurationSource - No URLs will be polled as dynamic configuration sources.
2020-10-27 15:30:02.968 [main] WARN  com.netflix.config.sources.URLConfigurationSource - No URLs will be polled as dynamic configuration sources.
2020-10-27 16:21:21.787 [main] WARN  org.mybatis.spring.mapper.ClassPathMapperScanner - Skipping MapperFactoryBean with name 'eduChapterMapper' and 'com.college.serviceedu.mapper.EduChapterMapper' mapperInterface. Bean already defined with the same name!
2020-10-27 16:21:21.788 [main] WARN  org.mybatis.spring.mapper.ClassPathMapperScanner - Skipping MapperFactoryBean with name 'eduCommentMapper' and 'com.college.serviceedu.mapper.EduCommentMapper' mapperInterface. Bean already defined with the same name!
2020-10-27 16:21:21.788 [main] WARN  org.mybatis.spring.mapper.ClassPathMapperScanner - Skipping MapperFactoryBean with name 'eduCourseDescriptionMapper' and 'com.college.serviceedu.mapper.EduCourseDescriptionMapper' mapperInterface. Bean already defined with the same name!
2020-10-27 16:21:21.788 [main] WARN  org.mybatis.spring.mapper.ClassPathMapperScanner - Skipping MapperFactoryBean with name 'eduCourseMapper' and 'com.college.serviceedu.mapper.EduCourseMapper' mapperInterface. Bean already defined with the same name!
2020-10-27 16:21:21.788 [main] WARN  org.mybatis.spring.mapper.ClassPathMapperScanner - Skipping MapperFactoryBean with name 'eduSubjectMapper' and 'com.college.serviceedu.mapper.EduSubjectMapper' mapperInterface. Bean already defined with the same name!
2020-10-27 16:21:21.789 [main] WARN  org.mybatis.spring.mapper.ClassPathMapperScanner - Skipping MapperFactoryBean with name 'eduTeacherMapper' and 'com.college.serviceedu.mapper.EduTeacherMapper' mapperInterface. Bean already defined with the same name!
2020-10-27 16:21:21.789 [main] WARN  org.mybatis.spring.mapper.ClassPathMapperScanner - Skipping MapperFactoryBean with name 'eduVideoMapper' and 'com.college.serviceedu.mapper.EduVideoMapper' mapperInterface. Bean already defined with the same name!
2020-10-27 16:21:21.789 [main] WARN  org.mybatis.spring.mapper.ClassPathMapperScanner - No MyBatis mapper was found in '[com.college.serviceedu.mapper]' package. Please check your configuration.
2020-10-27 16:21:30.459 [main] WARN  com.netflix.config.sources.URLConfigurationSource - No URLs will be polled as dynamic configuration sources.
2020-10-27 16:21:30.476 [main] WARN  com.netflix.config.sources.URLConfigurationSource - No URLs will be polled as dynamic configuration sources.
2020-10-27 16:50:59.158 [main] WARN  org.mybatis.spring.mapper.ClassPathMapperScanner - Skipping MapperFactoryBean with name 'eduChapterMapper' and 'com.college.serviceedu.mapper.EduChapterMapper' mapperInterface. Bean already defined with the same name!
2020-10-27 16:50:59.159 [main] WARN  org.mybatis.spring.mapper.ClassPathMapperScanner - Skipping MapperFactoryBean with name 'eduCommentMapper' and 'com.college.serviceedu.mapper.EduCommentMapper' mapperInterface. Bean already defined with the same name!
2020-10-27 16:50:59.160 [main] WARN  org.mybatis.spring.mapper.ClassPathMapperScanner - Skipping MapperFactoryBean with name 'eduCourseDescriptionMapper' and 'com.college.serviceedu.mapper.EduCourseDescriptionMapper' mapperInterface. Bean already defined with the same name!
2020-10-27 16:50:59.161 [main] WARN  org.mybatis.spring.mapper.ClassPathMapperScanner - Skipping MapperFactoryBean with name 'eduCourseMapper' and 'com.college.serviceedu.mapper.EduCourseMapper' mapperInterface. Bean already defined with the same name!
2020-10-27 16:50:59.161 [main] WARN  org.mybatis.spring.mapper.ClassPathMapperScanner - Skipping MapperFactoryBean with name 'eduSubjectMapper' and 'com.college.serviceedu.mapper.EduSubjectMapper' mapperInterface. Bean already defined with the same name!
2020-10-27 16:50:59.162 [main] WARN  org.mybatis.spring.mapper.ClassPathMapperScanner - Skipping MapperFactoryBean with name 'eduTeacherMapper' and 'com.college.serviceedu.mapper.EduTeacherMapper' mapperInterface. Bean already defined with the same name!
2020-10-27 16:50:59.162 [main] WARN  org.mybatis.spring.mapper.ClassPathMapperScanner - Skipping MapperFactoryBean with name 'eduVideoMapper' and 'com.college.serviceedu.mapper.EduVideoMapper' mapperInterface. Bean already defined with the same name!
2020-10-27 16:50:59.163 [main] WARN  org.mybatis.spring.mapper.ClassPathMapperScanner - No MyBatis mapper was found in '[com.college.serviceedu.mapper]' package. Please check your configuration.
2020-10-27 16:51:10.294 [main] WARN  com.netflix.config.sources.URLConfigurationSource - No URLs will be polled as dynamic configuration sources.
2020-10-27 16:51:10.305 [main] WARN  com.netflix.config.sources.URLConfigurationSource - No URLs will be polled as dynamic configuration sources.
2020-10-27 19:47:56.447 [main] WARN  org.mybatis.spring.mapper.ClassPathMapperScanner - Skipping MapperFactoryBean with name 'eduChapterMapper' and 'com.college.serviceedu.mapper.EduChapterMapper' mapperInterface. Bean already defined with the same name!
2020-10-27 19:47:56.448 [main] WARN  org.mybatis.spring.mapper.ClassPathMapperScanner - Skipping MapperFactoryBean with name 'eduCommentMapper' and 'com.college.serviceedu.mapper.EduCommentMapper' mapperInterface. Bean already defined with the same name!
2020-10-27 19:47:56.450 [main] WARN  org.mybatis.spring.mapper.ClassPathMapperScanner - Skipping MapperFactoryBean with name 'eduCourseDescriptionMapper' and 'com.college.serviceedu.mapper.EduCourseDescriptionMapper' mapperInterface. Bean already defined with the same name!
2020-10-27 19:47:56.450 [main] WARN  org.mybatis.spring.mapper.ClassPathMapperScanner - Skipping MapperFactoryBean with name 'eduCourseMapper' and 'com.college.serviceedu.mapper.EduCourseMapper' mapperInterface. Bean already defined with the same name!
2020-10-27 19:47:56.451 [main] WARN  org.mybatis.spring.mapper.ClassPathMapperScanner - Skipping MapperFactoryBean with name 'eduSubjectMapper' and 'com.college.serviceedu.mapper.EduSubjectMapper' mapperInterface. Bean already defined with the same name!
2020-10-27 19:47:56.451 [main] WARN  org.mybatis.spring.mapper.ClassPathMapperScanner - Skipping MapperFactoryBean with name 'eduTeacherMapper' and 'com.college.serviceedu.mapper.EduTeacherMapper' mapperInterface. Bean already defined with the same name!
2020-10-27 19:47:56.451 [main] WARN  org.mybatis.spring.mapper.ClassPathMapperScanner - Skipping MapperFactoryBean with name 'eduVideoMapper' and 'com.college.serviceedu.mapper.EduVideoMapper' mapperInterface. Bean already defined with the same name!
2020-10-27 19:47:56.452 [main] WARN  org.mybatis.spring.mapper.ClassPathMapperScanner - No MyBatis mapper was found in '[com.college.serviceedu.mapper]' package. Please check your configuration.
2020-10-27 19:48:08.443 [main] WARN  com.netflix.config.sources.URLConfigurationSource - No URLs will be polled as dynamic configuration sources.
2020-10-27 19:48:08.476 [main] WARN  com.netflix.config.sources.URLConfigurationSource - No URLs will be polled as dynamic configuration sources.
2020-10-27 20:07:16.301 [main] WARN  org.mybatis.spring.mapper.ClassPathMapperScanner - Skipping MapperFactoryBean with name 'eduChapterMapper' and 'com.college.serviceedu.mapper.EduChapterMapper' mapperInterface. Bean already defined with the same name!
2020-10-27 20:07:16.301 [main] WARN  org.mybatis.spring.mapper.ClassPathMapperScanner - Skipping MapperFactoryBean with name 'eduCommentMapper' and 'com.college.serviceedu.mapper.EduCommentMapper' mapperInterface. Bean already defined with the same name!
2020-10-27 20:07:16.301 [main] WARN  org.mybatis.spring.mapper.ClassPathMapperScanner - Skipping MapperFactoryBean with name 'eduCourseDescriptionMapper' and 'com.college.serviceedu.mapper.EduCourseDescriptionMapper' mapperInterface. Bean already defined with the same name!
2020-10-27 20:07:16.301 [main] WARN  org.mybatis.spring.mapper.ClassPathMapperScanner - Skipping MapperFactoryBean with name 'eduCourseMapper' and 'com.college.serviceedu.mapper.EduCourseMapper' mapperInterface. Bean already defined with the same name!
2020-10-27 20:07:16.302 [main] WARN  org.mybatis.spring.mapper.ClassPathMapperScanner - Skipping MapperFactoryBean with name 'eduSubjectMapper' and 'com.college.serviceedu.mapper.EduSubjectMapper' mapperInterface. Bean already defined with the same name!
2020-10-27 20:07:16.302 [main] WARN  org.mybatis.spring.mapper.ClassPathMapperScanner - Skipping MapperFactoryBean with name 'eduTeacherMapper' and 'com.college.serviceedu.mapper.EduTeacherMapper' mapperInterface. Bean already defined with the same name!
2020-10-27 20:07:16.302 [main] WARN  org.mybatis.spring.mapper.ClassPathMapperScanner - Skipping MapperFactoryBean with name 'eduVideoMapper' and 'com.college.serviceedu.mapper.EduVideoMapper' mapperInterface. Bean already defined with the same name!
2020-10-27 20:07:16.302 [main] WARN  org.mybatis.spring.mapper.ClassPathMapperScanner - No MyBatis mapper was found in '[com.college.serviceedu.mapper]' package. Please check your configuration.
2020-10-27 20:07:21.316 [main] WARN  com.netflix.config.sources.URLConfigurationSource - No URLs will be polled as dynamic configuration sources.
2020-10-27 20:07:21.323 [main] WARN  com.netflix.config.sources.URLConfigurationSource - No URLs will be polled as dynamic configuration sources.
2020-10-27 20:10:59.469 [main] WARN  org.mybatis.spring.mapper.ClassPathMapperScanner - Skipping MapperFactoryBean with name 'eduChapterMapper' and 'com.college.serviceedu.mapper.EduChapterMapper' mapperInterface. Bean already defined with the same name!
2020-10-27 20:10:59.469 [main] WARN  org.mybatis.spring.mapper.ClassPathMapperScanner - Skipping MapperFactoryBean with name 'eduCommentMapper' and 'com.college.serviceedu.mapper.EduCommentMapper' mapperInterface. Bean already defined with the same name!
2020-10-27 20:10:59.469 [main] WARN  org.mybatis.spring.mapper.ClassPathMapperScanner - Skipping MapperFactoryBean with name 'eduCourseDescriptionMapper' and 'com.college.serviceedu.mapper.EduCourseDescriptionMapper' mapperInterface. Bean already defined with the same name!
2020-10-27 20:10:59.470 [main] WARN  org.mybatis.spring.mapper.ClassPathMapperScanner - Skipping MapperFactoryBean with name 'eduCourseMapper' and 'com.college.serviceedu.mapper.EduCourseMapper' mapperInterface. Bean already defined with the same name!
2020-10-27 20:10:59.470 [main] WARN  org.mybatis.spring.mapper.ClassPathMapperScanner - Skipping MapperFactoryBean with name 'eduSubjectMapper' and 'com.college.serviceedu.mapper.EduSubjectMapper' mapperInterface. Bean already defined with the same name!
2020-10-27 20:10:59.470 [main] WARN  org.mybatis.spring.mapper.ClassPathMapperScanner - Skipping MapperFactoryBean with name 'eduTeacherMapper' and 'com.college.serviceedu.mapper.EduTeacherMapper' mapperInterface. Bean already defined with the same name!
2020-10-27 20:10:59.470 [main] WARN  org.mybatis.spring.mapper.ClassPathMapperScanner - Skipping MapperFactoryBean with name 'eduVideoMapper' and 'com.college.serviceedu.mapper.EduVideoMapper' mapperInterface. Bean already defined with the same name!
2020-10-27 20:10:59.470 [main] WARN  org.mybatis.spring.mapper.ClassPathMapperScanner - No MyBatis mapper was found in '[com.college.serviceedu.mapper]' package. Please check your configuration.
2020-10-27 20:11:03.966 [main] WARN  o.s.b.w.s.c.AnnotationConfigServletWebServerApplicationContext - Exception encountered during context initialization - cancelling refresh attempt: org.springframework.beans.factory.UnsatisfiedDependencyException: Error creating bean with name 'courseFrontController': Unsatisfied dependency expressed through field 'orderClient'; nested exception is org.springframework.beans.factory.BeanCreationException: Error creating bean with name 'com.college.serviceedu.client.OrderClient': FactoryBean threw exception on object creation; nested exception is java.lang.IllegalStateException: No fallback instance of type class com.college.serviceedu.client.OrderFile found for feign client service-order
2020-10-27 20:12:54.782 [main] WARN  org.mybatis.spring.mapper.ClassPathMapperScanner - Skipping MapperFactoryBean with name 'eduChapterMapper' and 'com.college.serviceedu.mapper.EduChapterMapper' mapperInterface. Bean already defined with the same name!
2020-10-27 20:12:54.783 [main] WARN  org.mybatis.spring.mapper.ClassPathMapperScanner - Skipping MapperFactoryBean with name 'eduCommentMapper' and 'com.college.serviceedu.mapper.EduCommentMapper' mapperInterface. Bean already defined with the same name!
2020-10-27 20:12:54.783 [main] WARN  org.mybatis.spring.mapper.ClassPathMapperScanner - Skipping MapperFactoryBean with name 'eduCourseDescriptionMapper' and 'com.college.serviceedu.mapper.EduCourseDescriptionMapper' mapperInterface. Bean already defined with the same name!
2020-10-27 20:12:54.784 [main] WARN  org.mybatis.spring.mapper.ClassPathMapperScanner - Skipping MapperFactoryBean with name 'eduCourseMapper' and 'com.college.serviceedu.mapper.EduCourseMapper' mapperInterface. Bean already defined with the same name!
2020-10-27 20:12:54.784 [main] WARN  org.mybatis.spring.mapper.ClassPathMapperScanner - Skipping MapperFactoryBean with name 'eduSubjectMapper' and 'com.college.serviceedu.mapper.EduSubjectMapper' mapperInterface. Bean already defined with the same name!
2020-10-27 20:12:54.785 [main] WARN  org.mybatis.spring.mapper.ClassPathMapperScanner - Skipping MapperFactoryBean with name 'eduTeacherMapper' and 'com.college.serviceedu.mapper.EduTeacherMapper' mapperInterface. Bean already defined with the same name!
2020-10-27 20:12:54.786 [main] WARN  org.mybatis.spring.mapper.ClassPathMapperScanner - Skipping MapperFactoryBean with name 'eduVideoMapper' and 'com.college.serviceedu.mapper.EduVideoMapper' mapperInterface. Bean already defined with the same name!
2020-10-27 20:12:54.787 [main] WARN  org.mybatis.spring.mapper.ClassPathMapperScanner - No MyBatis mapper was found in '[com.college.serviceedu.mapper]' package. Please check your configuration.
2020-10-27 20:13:00.397 [main] WARN  com.netflix.config.sources.URLConfigurationSource - No URLs will be polled as dynamic configuration sources.
2020-10-27 20:13:00.405 [main] WARN  com.netflix.config.sources.URLConfigurationSource - No URLs will be polled as dynamic configuration sources.
2020-10-27 20:24:06.872 [main] WARN  org.mybatis.spring.mapper.ClassPathMapperScanner - Skipping MapperFactoryBean with name 'eduChapterMapper' and 'com.college.serviceedu.mapper.EduChapterMapper' mapperInterface. Bean already defined with the same name!
2020-10-27 20:24:06.872 [main] WARN  org.mybatis.spring.mapper.ClassPathMapperScanner - Skipping MapperFactoryBean with name 'eduCommentMapper' and 'com.college.serviceedu.mapper.EduCommentMapper' mapperInterface. Bean already defined with the same name!
2020-10-27 20:24:06.873 [main] WARN  org.mybatis.spring.mapper.ClassPathMapperScanner - Skipping MapperFactoryBean with name 'eduCourseDescriptionMapper' and 'com.college.serviceedu.mapper.EduCourseDescriptionMapper' mapperInterface. Bean already defined with the same name!
2020-10-27 20:24:06.873 [main] WARN  org.mybatis.spring.mapper.ClassPathMapperScanner - Skipping MapperFactoryBean with name 'eduCourseMapper' and 'com.college.serviceedu.mapper.EduCourseMapper' mapperInterface. Bean already defined with the same name!
2020-10-27 20:24:06.873 [main] WARN  org.mybatis.spring.mapper.ClassPathMapperScanner - Skipping MapperFactoryBean with name 'eduSubjectMapper' and 'com.college.serviceedu.mapper.EduSubjectMapper' mapperInterface. Bean already defined with the same name!
2020-10-27 20:24:06.873 [main] WARN  org.mybatis.spring.mapper.ClassPathMapperScanner - Skipping MapperFactoryBean with name 'eduTeacherMapper' and 'com.college.serviceedu.mapper.EduTeacherMapper' mapperInterface. Bean already defined with the same name!
2020-10-27 20:24:06.874 [main] WARN  org.mybatis.spring.mapper.ClassPathMapperScanner - Skipping MapperFactoryBean with name 'eduVideoMapper' and 'com.college.serviceedu.mapper.EduVideoMapper' mapperInterface. Bean already defined with the same name!
2020-10-27 20:24:06.874 [main] WARN  org.mybatis.spring.mapper.ClassPathMapperScanner - No MyBatis mapper was found in '[com.college.serviceedu.mapper]' package. Please check your configuration.
2020-10-27 20:24:12.200 [main] WARN  com.netflix.config.sources.URLConfigurationSource - No URLs will be polled as dynamic configuration sources.
2020-10-27 20:24:12.207 [main] WARN  com.netflix.config.sources.URLConfigurationSource - No URLs will be polled as dynamic configuration sources.
2020-10-27 20:33:02.957 [main] WARN  org.mybatis.spring.mapper.ClassPathMapperScanner - Skipping MapperFactoryBean with name 'eduChapterMapper' and 'com.college.serviceedu.mapper.EduChapterMapper' mapperInterface. Bean already defined with the same name!
2020-10-27 20:33:02.957 [main] WARN  org.mybatis.spring.mapper.ClassPathMapperScanner - Skipping MapperFactoryBean with name 'eduCommentMapper' and 'com.college.serviceedu.mapper.EduCommentMapper' mapperInterface. Bean already defined with the same name!
2020-10-27 20:33:02.958 [main] WARN  org.mybatis.spring.mapper.ClassPathMapperScanner - Skipping MapperFactoryBean with name 'eduCourseDescriptionMapper' and 'com.college.serviceedu.mapper.EduCourseDescriptionMapper' mapperInterface. Bean already defined with the same name!
2020-10-27 20:33:02.958 [main] WARN  org.mybatis.spring.mapper.ClassPathMapperScanner - Skipping MapperFactoryBean with name 'eduCourseMapper' and 'com.college.serviceedu.mapper.EduCourseMapper' mapperInterface. Bean already defined with the same name!
2020-10-27 20:33:02.958 [main] WARN  org.mybatis.spring.mapper.ClassPathMapperScanner - Skipping MapperFactoryBean with name 'eduSubjectMapper' and 'com.college.serviceedu.mapper.EduSubjectMapper' mapperInterface. Bean already defined with the same name!
2020-10-27 20:33:02.958 [main] WARN  org.mybatis.spring.mapper.ClassPathMapperScanner - Skipping MapperFactoryBean with name 'eduTeacherMapper' and 'com.college.serviceedu.mapper.EduTeacherMapper' mapperInterface. Bean already defined with the same name!
2020-10-27 20:33:02.958 [main] WARN  org.mybatis.spring.mapper.ClassPathMapperScanner - Skipping MapperFactoryBean with name 'eduVideoMapper' and 'com.college.serviceedu.mapper.EduVideoMapper' mapperInterface. Bean already defined with the same name!
2020-10-27 20:33:02.958 [main] WARN  org.mybatis.spring.mapper.ClassPathMapperScanner - No MyBatis mapper was found in '[com.college.serviceedu.mapper]' package. Please check your configuration.
2020-10-27 20:33:09.356 [main] WARN  com.netflix.config.sources.URLConfigurationSource - No URLs will be polled as dynamic configuration sources.
2020-10-27 20:33:09.371 [main] WARN  com.netflix.config.sources.URLConfigurationSource - No URLs will be polled as dynamic configuration sources.
2020-10-27 22:19:10.466 [main] WARN  org.mybatis.spring.mapper.ClassPathMapperScanner - Skipping MapperFactoryBean with name 'eduChapterMapper' and 'com.college.serviceedu.mapper.EduChapterMapper' mapperInterface. Bean already defined with the same name!
2020-10-27 22:19:10.466 [main] WARN  org.mybatis.spring.mapper.ClassPathMapperScanner - Skipping MapperFactoryBean with name 'eduCommentMapper' and 'com.college.serviceedu.mapper.EduCommentMapper' mapperInterface. Bean already defined with the same name!
2020-10-27 22:19:10.467 [main] WARN  org.mybatis.spring.mapper.ClassPathMapperScanner - Skipping MapperFactoryBean with name 'eduCourseDescriptionMapper' and 'com.college.serviceedu.mapper.EduCourseDescriptionMapper' mapperInterface. Bean already defined with the same name!
2020-10-27 22:19:10.467 [main] WARN  org.mybatis.spring.mapper.ClassPathMapperScanner - Skipping MapperFactoryBean with name 'eduCourseMapper' and 'com.college.serviceedu.mapper.EduCourseMapper' mapperInterface. Bean already defined with the same name!
2020-10-27 22:19:10.467 [main] WARN  org.mybatis.spring.mapper.ClassPathMapperScanner - Skipping MapperFactoryBean with name 'eduSubjectMapper' and 'com.college.serviceedu.mapper.EduSubjectMapper' mapperInterface. Bean already defined with the same name!
2020-10-27 22:19:10.468 [main] WARN  org.mybatis.spring.mapper.ClassPathMapperScanner - Skipping MapperFactoryBean with name 'eduTeacherMapper' and 'com.college.serviceedu.mapper.EduTeacherMapper' mapperInterface. Bean already defined with the same name!
2020-10-27 22:19:10.468 [main] WARN  org.mybatis.spring.mapper.ClassPathMapperScanner - Skipping MapperFactoryBean with name 'eduVideoMapper' and 'com.college.serviceedu.mapper.EduVideoMapper' mapperInterface. Bean already defined with the same name!
2020-10-27 22:19:10.469 [main] WARN  org.mybatis.spring.mapper.ClassPathMapperScanner - No MyBatis mapper was found in '[com.college.serviceedu.mapper]' package. Please check your configuration.
2020-10-27 22:19:16.537 [main] WARN  com.netflix.config.sources.URLConfigurationSource - No URLs will be polled as dynamic configuration sources.
2020-10-27 22:19:16.544 [main] WARN  com.netflix.config.sources.URLConfigurationSource - No URLs will be polled as dynamic configuration sources.
2020-10-28 09:17:56.489 [main] WARN  org.mybatis.spring.mapper.ClassPathMapperScanner - Skipping MapperFactoryBean with name 'eduChapterMapper' and 'com.college.serviceedu.mapper.EduChapterMapper' mapperInterface. Bean already defined with the same name!
2020-10-28 09:17:56.495 [main] WARN  org.mybatis.spring.mapper.ClassPathMapperScanner - Skipping MapperFactoryBean with name 'eduCommentMapper' and 'com.college.serviceedu.mapper.EduCommentMapper' mapperInterface. Bean already defined with the same name!
2020-10-28 09:17:56.496 [main] WARN  org.mybatis.spring.mapper.ClassPathMapperScanner - Skipping MapperFactoryBean with name 'eduCourseDescriptionMapper' and 'com.college.serviceedu.mapper.EduCourseDescriptionMapper' mapperInterface. Bean already defined with the same name!
2020-10-28 09:17:56.497 [main] WARN  org.mybatis.spring.mapper.ClassPathMapperScanner - Skipping MapperFactoryBean with name 'eduCourseMapper' and 'com.college.serviceedu.mapper.EduCourseMapper' mapperInterface. Bean already defined with the same name!
2020-10-28 09:17:56.497 [main] WARN  org.mybatis.spring.mapper.ClassPathMapperScanner - Skipping MapperFactoryBean with name 'eduSubjectMapper' and 'com.college.serviceedu.mapper.EduSubjectMapper' mapperInterface. Bean already defined with the same name!
2020-10-28 09:17:56.497 [main] WARN  org.mybatis.spring.mapper.ClassPathMapperScanner - Skipping MapperFactoryBean with name 'eduTeacherMapper' and 'com.college.serviceedu.mapper.EduTeacherMapper' mapperInterface. Bean already defined with the same name!
2020-10-28 09:17:56.498 [main] WARN  org.mybatis.spring.mapper.ClassPathMapperScanner - Skipping MapperFactoryBean with name 'eduVideoMapper' and 'com.college.serviceedu.mapper.EduVideoMapper' mapperInterface. Bean already defined with the same name!
2020-10-28 09:17:56.498 [main] WARN  org.mybatis.spring.mapper.ClassPathMapperScanner - No MyBatis mapper was found in '[com.college.serviceedu.mapper]' package. Please check your configuration.
2020-10-28 09:18:02.149 [main] WARN  com.netflix.config.sources.URLConfigurationSource - No URLs will be polled as dynamic configuration sources.
2020-10-28 09:18:02.160 [main] WARN  com.netflix.config.sources.URLConfigurationSource - No URLs will be polled as dynamic configuration sources.
2020-10-28 15:39:39.798 [main] WARN  org.mybatis.spring.mapper.ClassPathMapperScanner - Skipping MapperFactoryBean with name 'eduChapterMapper' and 'com.college.serviceedu.mapper.EduChapterMapper' mapperInterface. Bean already defined with the same name!
2020-10-28 15:39:39.799 [main] WARN  org.mybatis.spring.mapper.ClassPathMapperScanner - Skipping MapperFactoryBean with name 'eduCommentMapper' and 'com.college.serviceedu.mapper.EduCommentMapper' mapperInterface. Bean already defined with the same name!
2020-10-28 15:39:39.800 [main] WARN  org.mybatis.spring.mapper.ClassPathMapperScanner - Skipping MapperFactoryBean with name 'eduCourseDescriptionMapper' and 'com.college.serviceedu.mapper.EduCourseDescriptionMapper' mapperInterface. Bean already defined with the same name!
2020-10-28 15:39:39.801 [main] WARN  org.mybatis.spring.mapper.ClassPathMapperScanner - Skipping MapperFactoryBean with name 'eduCourseMapper' and 'com.college.serviceedu.mapper.EduCourseMapper' mapperInterface. Bean already defined with the same name!
2020-10-28 15:39:39.802 [main] WARN  org.mybatis.spring.mapper.ClassPathMapperScanner - Skipping MapperFactoryBean with name 'eduSubjectMapper' and 'com.college.serviceedu.mapper.EduSubjectMapper' mapperInterface. Bean already defined with the same name!
2020-10-28 15:39:39.802 [main] WARN  org.mybatis.spring.mapper.ClassPathMapperScanner - Skipping MapperFactoryBean with name 'eduTeacherMapper' and 'com.college.serviceedu.mapper.EduTeacherMapper' mapperInterface. Bean already defined with the same name!
2020-10-28 15:39:39.803 [main] WARN  org.mybatis.spring.mapper.ClassPathMapperScanner - Skipping MapperFactoryBean with name 'eduVideoMapper' and 'com.college.serviceedu.mapper.EduVideoMapper' mapperInterface. Bean already defined with the same name!
2020-10-28 15:39:39.807 [main] WARN  org.mybatis.spring.mapper.ClassPathMapperScanner - No MyBatis mapper was found in '[com.college.serviceedu.mapper]' package. Please check your configuration.
2020-10-28 15:39:46.495 [main] WARN  com.netflix.config.sources.URLConfigurationSource - No URLs will be polled as dynamic configuration sources.
2020-10-28 15:39:46.503 [main] WARN  com.netflix.config.sources.URLConfigurationSource - No URLs will be polled as dynamic configuration sources.
2020-10-30 19:07:24.530 [main] WARN  org.mybatis.spring.mapper.ClassPathMapperScanner - Skipping MapperFactoryBean with name 'eduChapterMapper' and 'com.college.serviceedu.mapper.EduChapterMapper' mapperInterface. Bean already defined with the same name!
2020-10-30 19:07:24.542 [main] WARN  org.mybatis.spring.mapper.ClassPathMapperScanner - Skipping MapperFactoryBean with name 'eduCommentMapper' and 'com.college.serviceedu.mapper.EduCommentMapper' mapperInterface. Bean already defined with the same name!
2020-10-30 19:07:24.542 [main] WARN  org.mybatis.spring.mapper.ClassPathMapperScanner - Skipping MapperFactoryBean with name 'eduCourseDescriptionMapper' and 'com.college.serviceedu.mapper.EduCourseDescriptionMapper' mapperInterface. Bean already defined with the same name!
2020-10-30 19:07:24.542 [main] WARN  org.mybatis.spring.mapper.ClassPathMapperScanner - Skipping MapperFactoryBean with name 'eduCourseMapper' and 'com.college.serviceedu.mapper.EduCourseMapper' mapperInterface. Bean already defined with the same name!
2020-10-30 19:07:24.543 [main] WARN  org.mybatis.spring.mapper.ClassPathMapperScanner - Skipping MapperFactoryBean with name 'eduSubjectMapper' and 'com.college.serviceedu.mapper.EduSubjectMapper' mapperInterface. Bean already defined with the same name!
2020-10-30 19:07:24.543 [main] WARN  org.mybatis.spring.mapper.ClassPathMapperScanner - Skipping MapperFactoryBean with name 'eduTeacherMapper' and 'com.college.serviceedu.mapper.EduTeacherMapper' mapperInterface. Bean already defined with the same name!
2020-10-30 19:07:24.543 [main] WARN  org.mybatis.spring.mapper.ClassPathMapperScanner - Skipping MapperFactoryBean with name 'eduVideoMapper' and 'com.college.serviceedu.mapper.EduVideoMapper' mapperInterface. Bean already defined with the same name!
2020-10-30 19:07:24.543 [main] WARN  org.mybatis.spring.mapper.ClassPathMapperScanner - No MyBatis mapper was found in '[com.college.serviceedu.mapper]' package. Please check your configuration.
2020-10-30 19:07:29.489 [main] WARN  com.netflix.config.sources.URLConfigurationSource - No URLs will be polled as dynamic configuration sources.
2020-10-30 19:07:29.510 [main] WARN  com.netflix.config.sources.URLConfigurationSource - No URLs will be polled as dynamic configuration sources.
2020-11-03 09:59:54.910 [main] WARN  org.mybatis.spring.mapper.ClassPathMapperScanner - Skipping MapperFactoryBean with name 'eduChapterMapper' and 'com.college.serviceedu.mapper.EduChapterMapper' mapperInterface. Bean already defined with the same name!
2020-11-03 09:59:54.920 [main] WARN  org.mybatis.spring.mapper.ClassPathMapperScanner - Skipping MapperFactoryBean with name 'eduCommentMapper' and 'com.college.serviceedu.mapper.EduCommentMapper' mapperInterface. Bean already defined with the same name!
2020-11-03 09:59:54.922 [main] WARN  org.mybatis.spring.mapper.ClassPathMapperScanner - Skipping MapperFactoryBean with name 'eduCourseDescriptionMapper' and 'com.college.serviceedu.mapper.EduCourseDescriptionMapper' mapperInterface. Bean already defined with the same name!
2020-11-03 09:59:54.922 [main] WARN  org.mybatis.spring.mapper.ClassPathMapperScanner - Skipping MapperFactoryBean with name 'eduCourseMapper' and 'com.college.serviceedu.mapper.EduCourseMapper' mapperInterface. Bean already defined with the same name!
2020-11-03 09:59:54.923 [main] WARN  org.mybatis.spring.mapper.ClassPathMapperScanner - Skipping MapperFactoryBean with name 'eduSubjectMapper' and 'com.college.serviceedu.mapper.EduSubjectMapper' mapperInterface. Bean already defined with the same name!
2020-11-03 09:59:54.924 [main] WARN  org.mybatis.spring.mapper.ClassPathMapperScanner - Skipping MapperFactoryBean with name 'eduTeacherMapper' and 'com.college.serviceedu.mapper.EduTeacherMapper' mapperInterface. Bean already defined with the same name!
2020-11-03 09:59:54.926 [main] WARN  org.mybatis.spring.mapper.ClassPathMapperScanner - Skipping MapperFactoryBean with name 'eduVideoMapper' and 'com.college.serviceedu.mapper.EduVideoMapper' mapperInterface. Bean already defined with the same name!
2020-11-03 09:59:54.928 [main] WARN  org.mybatis.spring.mapper.ClassPathMapperScanner - No MyBatis mapper was found in '[com.college.serviceedu.mapper]' package. Please check your configuration.
2020-11-03 10:00:09.182 [main] WARN  com.netflix.config.sources.URLConfigurationSource - No URLs will be polled as dynamic configuration sources.
2020-11-03 10:00:09.203 [main] WARN  com.netflix.config.sources.URLConfigurationSource - No URLs will be polled as dynamic configuration sources.
2020-11-04 10:14:55.387 [main] WARN  org.mybatis.spring.mapper.ClassPathMapperScanner - Skipping MapperFactoryBean with name 'eduChapterMapper' and 'com.college.serviceedu.mapper.EduChapterMapper' mapperInterface. Bean already defined with the same name!
2020-11-04 10:14:55.393 [main] WARN  org.mybatis.spring.mapper.ClassPathMapperScanner - Skipping MapperFactoryBean with name 'eduCommentMapper' and 'com.college.serviceedu.mapper.EduCommentMapper' mapperInterface. Bean already defined with the same name!
2020-11-04 10:14:55.394 [main] WARN  org.mybatis.spring.mapper.ClassPathMapperScanner - Skipping MapperFactoryBean with name 'eduCourseDescriptionMapper' and 'com.college.serviceedu.mapper.EduCourseDescriptionMapper' mapperInterface. Bean already defined with the same name!
2020-11-04 10:14:55.394 [main] WARN  org.mybatis.spring.mapper.ClassPathMapperScanner - Skipping MapperFactoryBean with name 'eduCourseMapper' and 'com.college.serviceedu.mapper.EduCourseMapper' mapperInterface. Bean already defined with the same name!
2020-11-04 10:14:55.395 [main] WARN  org.mybatis.spring.mapper.ClassPathMapperScanner - Skipping MapperFactoryBean with name 'eduSubjectMapper' and 'com.college.serviceedu.mapper.EduSubjectMapper' mapperInterface. Bean already defined with the same name!
2020-11-04 10:14:55.395 [main] WARN  org.mybatis.spring.mapper.ClassPathMapperScanner - Skipping MapperFactoryBean with name 'eduTeacherMapper' and 'com.college.serviceedu.mapper.EduTeacherMapper' mapperInterface. Bean already defined with the same name!
2020-11-04 10:14:55.395 [main] WARN  org.mybatis.spring.mapper.ClassPathMapperScanner - Skipping MapperFactoryBean with name 'eduVideoMapper' and 'com.college.serviceedu.mapper.EduVideoMapper' mapperInterface. Bean already defined with the same name!
2020-11-04 10:14:55.395 [main] WARN  org.mybatis.spring.mapper.ClassPathMapperScanner - No MyBatis mapper was found in '[com.college.serviceedu.mapper]' package. Please check your configuration.
2020-11-04 10:15:02.576 [main] WARN  com.netflix.config.sources.URLConfigurationSource - No URLs will be polled as dynamic configuration sources.
2020-11-04 10:15:02.588 [main] WARN  com.netflix.config.sources.URLConfigurationSource - No URLs will be polled as dynamic configuration sources.
2020-11-04 10:31:01.805 [main] WARN  org.mybatis.spring.mapper.ClassPathMapperScanner - Skipping MapperFactoryBean with name 'eduChapterMapper' and 'com.college.serviceedu.mapper.EduChapterMapper' mapperInterface. Bean already defined with the same name!
2020-11-04 10:31:01.806 [main] WARN  org.mybatis.spring.mapper.ClassPathMapperScanner - Skipping MapperFactoryBean with name 'eduCommentMapper' and 'com.college.serviceedu.mapper.EduCommentMapper' mapperInterface. Bean already defined with the same name!
2020-11-04 10:31:01.806 [main] WARN  org.mybatis.spring.mapper.ClassPathMapperScanner - Skipping MapperFactoryBean with name 'eduCourseDescriptionMapper' and 'com.college.serviceedu.mapper.EduCourseDescriptionMapper' mapperInterface. Bean already defined with the same name!
2020-11-04 10:31:01.806 [main] WARN  org.mybatis.spring.mapper.ClassPathMapperScanner - Skipping MapperFactoryBean with name 'eduCourseMapper' and 'com.college.serviceedu.mapper.EduCourseMapper' mapperInterface. Bean already defined with the same name!
2020-11-04 10:31:01.806 [main] WARN  org.mybatis.spring.mapper.ClassPathMapperScanner - Skipping MapperFactoryBean with name 'eduSubjectMapper' and 'com.college.serviceedu.mapper.EduSubjectMapper' mapperInterface. Bean already defined with the same name!
2020-11-04 10:31:01.806 [main] WARN  org.mybatis.spring.mapper.ClassPathMapperScanner - Skipping MapperFactoryBean with name 'eduTeacherMapper' and 'com.college.serviceedu.mapper.EduTeacherMapper' mapperInterface. Bean already defined with the same name!
2020-11-04 10:31:01.807 [main] WARN  org.mybatis.spring.mapper.ClassPathMapperScanner - Skipping MapperFactoryBean with name 'eduVideoMapper' and 'com.college.serviceedu.mapper.EduVideoMapper' mapperInterface. Bean already defined with the same name!
2020-11-04 10:31:01.807 [main] WARN  org.mybatis.spring.mapper.ClassPathMapperScanner - No MyBatis mapper was found in '[com.college.serviceedu.mapper]' package. Please check your configuration.
2020-11-04 10:31:06.649 [main] WARN  com.netflix.config.sources.URLConfigurationSource - No URLs will be polled as dynamic configuration sources.
2020-11-04 10:31:06.656 [main] WARN  com.netflix.config.sources.URLConfigurationSource - No URLs will be polled as dynamic configuration sources.
2020-11-04 10:38:49.932 [main] WARN  org.mybatis.spring.mapper.ClassPathMapperScanner - Skipping MapperFactoryBean with name 'eduChapterMapper' and 'com.college.serviceedu.mapper.EduChapterMapper' mapperInterface. Bean already defined with the same name!
2020-11-04 10:38:49.933 [main] WARN  org.mybatis.spring.mapper.ClassPathMapperScanner - Skipping MapperFactoryBean with name 'eduCommentMapper' and 'com.college.serviceedu.mapper.EduCommentMapper' mapperInterface. Bean already defined with the same name!
2020-11-04 10:38:49.933 [main] WARN  org.mybatis.spring.mapper.ClassPathMapperScanner - Skipping MapperFactoryBean with name 'eduCourseDescriptionMapper' and 'com.college.serviceedu.mapper.EduCourseDescriptionMapper' mapperInterface. Bean already defined with the same name!
2020-11-04 10:38:49.933 [main] WARN  org.mybatis.spring.mapper.ClassPathMapperScanner - Skipping MapperFactoryBean with name 'eduCourseMapper' and 'com.college.serviceedu.mapper.EduCourseMapper' mapperInterface. Bean already defined with the same name!
2020-11-04 10:38:49.933 [main] WARN  org.mybatis.spring.mapper.ClassPathMapperScanner - Skipping MapperFactoryBean with name 'eduSubjectMapper' and 'com.college.serviceedu.mapper.EduSubjectMapper' mapperInterface. Bean already defined with the same name!
2020-11-04 10:38:49.934 [main] WARN  org.mybatis.spring.mapper.ClassPathMapperScanner - Skipping MapperFactoryBean with name 'eduTeacherMapper' and 'com.college.serviceedu.mapper.EduTeacherMapper' mapperInterface. Bean already defined with the same name!
2020-11-04 10:38:49.934 [main] WARN  org.mybatis.spring.mapper.ClassPathMapperScanner - Skipping MapperFactoryBean with name 'eduVideoMapper' and 'com.college.serviceedu.mapper.EduVideoMapper' mapperInterface. Bean already defined with the same name!
2020-11-04 10:38:49.934 [main] WARN  org.mybatis.spring.mapper.ClassPathMapperScanner - No MyBatis mapper was found in '[com.college.serviceedu.mapper]' package. Please check your configuration.
2020-11-04 10:38:54.613 [main] WARN  com.netflix.config.sources.URLConfigurationSource - No URLs will be polled as dynamic configuration sources.
2020-11-04 10:38:54.622 [main] WARN  com.netflix.config.sources.URLConfigurationSource - No URLs will be polled as dynamic configuration sources.
2020-11-04 10:51:48.716 [main] WARN  org.mybatis.spring.mapper.ClassPathMapperScanner - Skipping MapperFactoryBean with name 'eduChapterMapper' and 'com.college.serviceedu.mapper.EduChapterMapper' mapperInterface. Bean already defined with the same name!
2020-11-04 10:51:48.716 [main] WARN  org.mybatis.spring.mapper.ClassPathMapperScanner - Skipping MapperFactoryBean with name 'eduCommentMapper' and 'com.college.serviceedu.mapper.EduCommentMapper' mapperInterface. Bean already defined with the same name!
2020-11-04 10:51:48.716 [main] WARN  org.mybatis.spring.mapper.ClassPathMapperScanner - Skipping MapperFactoryBean with name 'eduCourseDescriptionMapper' and 'com.college.serviceedu.mapper.EduCourseDescriptionMapper' mapperInterface. Bean already defined with the same name!
2020-11-04 10:51:48.716 [main] WARN  org.mybatis.spring.mapper.ClassPathMapperScanner - Skipping MapperFactoryBean with name 'eduCourseMapper' and 'com.college.serviceedu.mapper.EduCourseMapper' mapperInterface. Bean already defined with the same name!
2020-11-04 10:51:48.716 [main] WARN  org.mybatis.spring.mapper.ClassPathMapperScanner - Skipping MapperFactoryBean with name 'eduSubjectMapper' and 'com.college.serviceedu.mapper.EduSubjectMapper' mapperInterface. Bean already defined with the same name!
2020-11-04 10:51:48.716 [main] WARN  org.mybatis.spring.mapper.ClassPathMapperScanner - Skipping MapperFactoryBean with name 'eduTeacherMapper' and 'com.college.serviceedu.mapper.EduTeacherMapper' mapperInterface. Bean already defined with the same name!
2020-11-04 10:51:48.716 [main] WARN  org.mybatis.spring.mapper.ClassPathMapperScanner - Skipping MapperFactoryBean with name 'eduVideoMapper' and 'com.college.serviceedu.mapper.EduVideoMapper' mapperInterface. Bean already defined with the same name!
2020-11-04 10:51:48.716 [main] WARN  org.mybatis.spring.mapper.ClassPathMapperScanner - No MyBatis mapper was found in '[com.college.serviceedu.mapper]' package. Please check your configuration.
2020-11-04 10:51:53.456 [main] WARN  com.netflix.config.sources.URLConfigurationSource - No URLs will be polled as dynamic configuration sources.
2020-11-04 10:51:53.466 [main] WARN  com.netflix.config.sources.URLConfigurationSource - No URLs will be polled as dynamic configuration sources.
2020-11-04 11:02:15.155 [main] WARN  org.mybatis.spring.mapper.ClassPathMapperScanner - Skipping MapperFactoryBean with name 'eduChapterMapper' and 'com.college.serviceedu.mapper.EduChapterMapper' mapperInterface. Bean already defined with the same name!
2020-11-04 11:02:15.155 [main] WARN  org.mybatis.spring.mapper.ClassPathMapperScanner - Skipping MapperFactoryBean with name 'eduCommentMapper' and 'com.college.serviceedu.mapper.EduCommentMapper' mapperInterface. Bean already defined with the same name!
2020-11-04 11:02:15.156 [main] WARN  org.mybatis.spring.mapper.ClassPathMapperScanner - Skipping MapperFactoryBean with name 'eduCourseDescriptionMapper' and 'com.college.serviceedu.mapper.EduCourseDescriptionMapper' mapperInterface. Bean already defined with the same name!
2020-11-04 11:02:15.157 [main] WARN  org.mybatis.spring.mapper.ClassPathMapperScanner - Skipping MapperFactoryBean with name 'eduCourseMapper' and 'com.college.serviceedu.mapper.EduCourseMapper' mapperInterface. Bean already defined with the same name!
2020-11-04 11:02:15.158 [main] WARN  org.mybatis.spring.mapper.ClassPathMapperScanner - Skipping MapperFactoryBean with name 'eduSubjectMapper' and 'com.college.serviceedu.mapper.EduSubjectMapper' mapperInterface. Bean already defined with the same name!
2020-11-04 11:02:15.159 [main] WARN  org.mybatis.spring.mapper.ClassPathMapperScanner - Skipping MapperFactoryBean with name 'eduTeacherMapper' and 'com.college.serviceedu.mapper.EduTeacherMapper' mapperInterface. Bean already defined with the same name!
2020-11-04 11:02:15.160 [main] WARN  org.mybatis.spring.mapper.ClassPathMapperScanner - Skipping MapperFactoryBean with name 'eduVideoMapper' and 'com.college.serviceedu.mapper.EduVideoMapper' mapperInterface. Bean already defined with the same name!
2020-11-04 11:02:15.160 [main] WARN  org.mybatis.spring.mapper.ClassPathMapperScanner - No MyBatis mapper was found in '[com.college.serviceedu.mapper]' package. Please check your configuration.
2020-11-04 11:02:22.725 [main] WARN  com.netflix.config.sources.URLConfigurationSource - No URLs will be polled as dynamic configuration sources.
2020-11-04 11:02:22.725 [main] WARN  com.netflix.config.sources.URLConfigurationSource - No URLs will be polled as dynamic configuration sources.
2020-11-04 19:25:49.067 [main] WARN  org.mybatis.spring.mapper.ClassPathMapperScanner - Skipping MapperFactoryBean with name 'eduChapterMapper' and 'com.college.serviceedu.mapper.EduChapterMapper' mapperInterface. Bean already defined with the same name!
2020-11-04 19:25:49.067 [main] WARN  org.mybatis.spring.mapper.ClassPathMapperScanner - Skipping MapperFactoryBean with name 'eduCommentMapper' and 'com.college.serviceedu.mapper.EduCommentMapper' mapperInterface. Bean already defined with the same name!
2020-11-04 19:25:49.067 [main] WARN  org.mybatis.spring.mapper.ClassPathMapperScanner - Skipping MapperFactoryBean with name 'eduCourseDescriptionMapper' and 'com.college.serviceedu.mapper.EduCourseDescriptionMapper' mapperInterface. Bean already defined with the same name!
2020-11-04 19:25:49.067 [main] WARN  org.mybatis.spring.mapper.ClassPathMapperScanner - Skipping MapperFactoryBean with name 'eduCourseMapper' and 'com.college.serviceedu.mapper.EduCourseMapper' mapperInterface. Bean already defined with the same name!
2020-11-04 19:25:49.067 [main] WARN  org.mybatis.spring.mapper.ClassPathMapperScanner - Skipping MapperFactoryBean with name 'eduSubjectMapper' and 'com.college.serviceedu.mapper.EduSubjectMapper' mapperInterface. Bean already defined with the same name!
2020-11-04 19:25:49.067 [main] WARN  org.mybatis.spring.mapper.ClassPathMapperScanner - Skipping MapperFactoryBean with name 'eduTeacherMapper' and 'com.college.serviceedu.mapper.EduTeacherMapper' mapperInterface. Bean already defined with the same name!
2020-11-04 19:25:49.067 [main] WARN  org.mybatis.spring.mapper.ClassPathMapperScanner - Skipping MapperFactoryBean with name 'eduVideoMapper' and 'com.college.serviceedu.mapper.EduVideoMapper' mapperInterface. Bean already defined with the same name!
2020-11-04 19:25:49.067 [main] WARN  org.mybatis.spring.mapper.ClassPathMapperScanner - No MyBatis mapper was found in '[com.college.serviceedu.mapper]' package. Please check your configuration.
2020-11-04 19:25:55.481 [main] WARN  o.s.b.w.s.c.AnnotationConfigServletWebServerApplicationContext - Exception encountered during context initialization - cancelling refresh attempt: org.springframework.beans.factory.UnsatisfiedDependencyException: Error creating bean with name 'eduChapterController': Unsatisfied dependency expressed through field 'eduChapterService'; nested exception is org.springframework.beans.factory.UnsatisfiedDependencyException: Error creating bean with name 'eduChapterServiceImpl': Unsatisfied dependency expressed through field 'baseMapper'; nested exception is org.springframework.beans.factory.UnsatisfiedDependencyException: Error creating bean with name 'eduChapterMapper' defined in file [D:\postgraduate\github\colloge\college_parent\service\service-edu\target\classes\com\college\serviceedu\mapper\EduChapterMapper.class]: Unsatisfied dependency expressed through bean property 'sqlSessionFactory'; nested exception is org.springframework.beans.factory.BeanCreationException: Error creating bean with name 'sqlSessionFactory' defined in class path resource [com/baomidou/mybatisplus/autoconfigure/MybatisPlusAutoConfiguration.class]: Bean instantiation via factory method failed; nested exception is org.springframework.beans.BeanInstantiationException: Failed to instantiate [org.apache.ibatis.session.SqlSessionFactory]: Factory method 'sqlSessionFactory' threw exception; nested exception is com.baomidou.mybatisplus.core.exceptions.MybatisPlusException: Error: GlobalConfigUtils setMetaData Fail !  Cause:com.mysql.cj.jdbc.exceptions.CommunicationsException: Communications link failure

The last packet sent successfully to the server was 0 milliseconds ago. The driver has not received any packets from the server.
2020-11-04 19:26:33.837 [main] WARN  org.mybatis.spring.mapper.ClassPathMapperScanner - Skipping MapperFactoryBean with name 'eduChapterMapper' and 'com.college.serviceedu.mapper.EduChapterMapper' mapperInterface. Bean already defined with the same name!
2020-11-04 19:26:33.837 [main] WARN  org.mybatis.spring.mapper.ClassPathMapperScanner - Skipping MapperFactoryBean with name 'eduCommentMapper' and 'com.college.serviceedu.mapper.EduCommentMapper' mapperInterface. Bean already defined with the same name!
2020-11-04 19:26:33.837 [main] WARN  org.mybatis.spring.mapper.ClassPathMapperScanner - Skipping MapperFactoryBean with name 'eduCourseDescriptionMapper' and 'com.college.serviceedu.mapper.EduCourseDescriptionMapper' mapperInterface. Bean already defined with the same name!
2020-11-04 19:26:33.837 [main] WARN  org.mybatis.spring.mapper.ClassPathMapperScanner - Skipping MapperFactoryBean with name 'eduCourseMapper' and 'com.college.serviceedu.mapper.EduCourseMapper' mapperInterface. Bean already defined with the same name!
2020-11-04 19:26:33.837 [main] WARN  org.mybatis.spring.mapper.ClassPathMapperScanner - Skipping MapperFactoryBean with name 'eduSubjectMapper' and 'com.college.serviceedu.mapper.EduSubjectMapper' mapperInterface. Bean already defined with the same name!
2020-11-04 19:26:33.837 [main] WARN  org.mybatis.spring.mapper.ClassPathMapperScanner - Skipping MapperFactoryBean with name 'eduTeacherMapper' and 'com.college.serviceedu.mapper.EduTeacherMapper' mapperInterface. Bean already defined with the same name!
2020-11-04 19:26:33.837 [main] WARN  org.mybatis.spring.mapper.ClassPathMapperScanner - Skipping MapperFactoryBean with name 'eduVideoMapper' and 'com.college.serviceedu.mapper.EduVideoMapper' mapperInterface. Bean already defined with the same name!
2020-11-04 19:26:33.837 [main] WARN  org.mybatis.spring.mapper.ClassPathMapperScanner - No MyBatis mapper was found in '[com.college.serviceedu.mapper]' package. Please check your configuration.
2020-11-04 19:26:39.882 [main] WARN  com.netflix.config.sources.URLConfigurationSource - No URLs will be polled as dynamic configuration sources.
2020-11-04 19:26:39.882 [main] WARN  com.netflix.config.sources.URLConfigurationSource - No URLs will be polled as dynamic configuration sources.
2020-11-05 15:10:11.754 [main] WARN  org.mybatis.spring.mapper.ClassPathMapperScanner - Skipping MapperFactoryBean with name 'eduChapterMapper' and 'com.college.serviceedu.mapper.EduChapterMapper' mapperInterface. Bean already defined with the same name!
2020-11-05 15:10:11.761 [main] WARN  org.mybatis.spring.mapper.ClassPathMapperScanner - Skipping MapperFactoryBean with name 'eduCommentMapper' and 'com.college.serviceedu.mapper.EduCommentMapper' mapperInterface. Bean already defined with the same name!
2020-11-05 15:10:11.762 [main] WARN  org.mybatis.spring.mapper.ClassPathMapperScanner - Skipping MapperFactoryBean with name 'eduCourseDescriptionMapper' and 'com.college.serviceedu.mapper.EduCourseDescriptionMapper' mapperInterface. Bean already defined with the same name!
2020-11-05 15:10:11.762 [main] WARN  org.mybatis.spring.mapper.ClassPathMapperScanner - Skipping MapperFactoryBean with name 'eduCourseMapper' and 'com.college.serviceedu.mapper.EduCourseMapper' mapperInterface. Bean already defined with the same name!
2020-11-05 15:10:11.763 [main] WARN  org.mybatis.spring.mapper.ClassPathMapperScanner - Skipping MapperFactoryBean with name 'eduSubjectMapper' and 'com.college.serviceedu.mapper.EduSubjectMapper' mapperInterface. Bean already defined with the same name!
2020-11-05 15:10:11.763 [main] WARN  org.mybatis.spring.mapper.ClassPathMapperScanner - Skipping MapperFactoryBean with name 'eduTeacherMapper' and 'com.college.serviceedu.mapper.EduTeacherMapper' mapperInterface. Bean already defined with the same name!
2020-11-05 15:10:11.764 [main] WARN  org.mybatis.spring.mapper.ClassPathMapperScanner - Skipping MapperFactoryBean with name 'eduVideoMapper' and 'com.college.serviceedu.mapper.EduVideoMapper' mapperInterface. Bean already defined with the same name!
2020-11-05 15:10:11.766 [main] WARN  org.mybatis.spring.mapper.ClassPathMapperScanner - No MyBatis mapper was found in '[com.college.serviceedu.mapper]' package. Please check your configuration.
2020-11-05 15:10:17.881 [main] WARN  com.netflix.config.sources.URLConfigurationSource - No URLs will be polled as dynamic configuration sources.
2020-11-05 15:10:17.890 [main] WARN  com.netflix.config.sources.URLConfigurationSource - No URLs will be polled as dynamic configuration sources.
2020-11-05 15:17:44.831 [main] WARN  org.mybatis.spring.mapper.ClassPathMapperScanner - Skipping MapperFactoryBean with name 'eduChapterMapper' and 'com.college.serviceedu.mapper.EduChapterMapper' mapperInterface. Bean already defined with the same name!
2020-11-05 15:17:44.831 [main] WARN  org.mybatis.spring.mapper.ClassPathMapperScanner - Skipping MapperFactoryBean with name 'eduCommentMapper' and 'com.college.serviceedu.mapper.EduCommentMapper' mapperInterface. Bean already defined with the same name!
2020-11-05 15:17:44.831 [main] WARN  org.mybatis.spring.mapper.ClassPathMapperScanner - Skipping MapperFactoryBean with name 'eduCourseDescriptionMapper' and 'com.college.serviceedu.mapper.EduCourseDescriptionMapper' mapperInterface. Bean already defined with the same name!
2020-11-05 15:17:44.831 [main] WARN  org.mybatis.spring.mapper.ClassPathMapperScanner - Skipping MapperFactoryBean with name 'eduCourseMapper' and 'com.college.serviceedu.mapper.EduCourseMapper' mapperInterface. Bean already defined with the same name!
2020-11-05 15:17:44.831 [main] WARN  org.mybatis.spring.mapper.ClassPathMapperScanner - Skipping MapperFactoryBean with name 'eduSubjectMapper' and 'com.college.serviceedu.mapper.EduSubjectMapper' mapperInterface. Bean already defined with the same name!
2020-11-05 15:17:44.832 [main] WARN  org.mybatis.spring.mapper.ClassPathMapperScanner - Skipping MapperFactoryBean with name 'eduTeacherMapper' and 'com.college.serviceedu.mapper.EduTeacherMapper' mapperInterface. Bean already defined with the same name!
2020-11-05 15:17:44.832 [main] WARN  org.mybatis.spring.mapper.ClassPathMapperScanner - Skipping MapperFactoryBean with name 'eduVideoMapper' and 'com.college.serviceedu.mapper.EduVideoMapper' mapperInterface. Bean already defined with the same name!
2020-11-05 15:17:44.832 [main] WARN  org.mybatis.spring.mapper.ClassPathMapperScanner - No MyBatis mapper was found in '[com.college.serviceedu.mapper]' package. Please check your configuration.
2020-11-05 15:17:53.319 [main] WARN  com.netflix.config.sources.URLConfigurationSource - No URLs will be polled as dynamic configuration sources.
2020-11-05 15:17:53.332 [main] WARN  com.netflix.config.sources.URLConfigurationSource - No URLs will be polled as dynamic configuration sources.
