2020-10-21 10:26:44.739 [ThreadPoolTaskScheduler-1] ERROR o.s.cloud.alibaba.nacos.discovery.NacosWatch - Error watching Nacos Service change
java.lang.IllegalStateException: failed to req API:/nacos/v1/ns/service/list after all servers([127.0.0.1:8848]) tried: failed to req API:http://127.0.0.1:8848/nacos/v1/ns/service/list. code:500 msg: java.net.ConnectException: Connection refused: connect
	at com.alibaba.nacos.client.naming.net.NamingProxy.reqAPI(NamingProxy.java:380)
	at com.alibaba.nacos.client.naming.net.NamingProxy.reqAPI(NamingProxy.java:346)
	at com.alibaba.nacos.client.naming.net.NamingProxy.reqAPI(NamingProxy.java:294)
	at com.alibaba.nacos.client.naming.net.NamingProxy.getServiceList(NamingProxy.java:276)
	at com.alibaba.nacos.client.naming.net.NamingProxy.getServiceList(NamingProxy.java:252)
	at com.alibaba.nacos.client.naming.NacosNamingService.getServicesOfServer(NacosNamingService.java:525)
	at org.springframework.cloud.alibaba.nacos.discovery.NacosWatch.nacosServicesWatch(NacosWatch.java:127)
	at org.springframework.scheduling.support.DelegatingErrorHandlingRunnable.run(DelegatingErrorHandlingRunnable.java:54)
	at java.util.concurrent.Executors$RunnableAdapter.call(Executors.java:511)
	at java.util.concurrent.FutureTask.runAndReset(FutureTask.java:308)
	at java.util.concurrent.ScheduledThreadPoolExecutor$ScheduledFutureTask.access$301(ScheduledThreadPoolExecutor.java:180)
	at java.util.concurrent.ScheduledThreadPoolExecutor$ScheduledFutureTask.run(ScheduledThreadPoolExecutor.java:294)
	at java.util.concurrent.ThreadPoolExecutor.runWorker(ThreadPoolExecutor.java:1149)
	at java.util.concurrent.ThreadPoolExecutor$Worker.run(ThreadPoolExecutor.java:624)
	at java.lang.Thread.run(Thread.java:748)
2020-10-21 10:26:45.445 [main] ERROR o.s.c.alibaba.nacos.registry.NacosServiceRegistry - nacos registry, service-edu register failed...NacosRegistration{nacosDiscoveryProperties=NacosDiscoveryProperties{serverAddr='127.0.0.1:8848', endpoint='', namespace='', watchDelay=30000, logName='', service='service-edu', weight=1.0, clusterName='DEFAULT', namingLoadCacheAtStart='false', metadata={preserved.register.source=SPRING_CLOUD}, registerEnabled=true, ip='192.168.104.113', networkInterface='', port=8001, secure=false, accessKey='', secretKey=''}},
java.lang.IllegalStateException: failed to req API:/nacos/v1/ns/instance after all servers([127.0.0.1:8848]) tried: failed to req API:http://127.0.0.1:8848/nacos/v1/ns/instance. code:500 msg: java.net.ConnectException: Connection refused: connect
	at com.alibaba.nacos.client.naming.net.NamingProxy.reqAPI(NamingProxy.java:380)
	at com.alibaba.nacos.client.naming.net.NamingProxy.reqAPI(NamingProxy.java:304)
	at com.alibaba.nacos.client.naming.net.NamingProxy.registerService(NamingProxy.java:186)
	at com.alibaba.nacos.client.naming.NacosNamingService.registerInstance(NacosNamingService.java:298)
	at com.alibaba.nacos.client.naming.NacosNamingService.registerInstance(NacosNamingService.java:279)
	at org.springframework.cloud.alibaba.nacos.registry.NacosServiceRegistry.register(NacosServiceRegistry.java:63)
	at org.springframework.cloud.client.serviceregistry.AbstractAutoServiceRegistration.register(AbstractAutoServiceRegistration.java:239)
	at org.springframework.cloud.alibaba.nacos.registry.NacosAutoServiceRegistration.register(NacosAutoServiceRegistration.java:74)
	at org.springframework.cloud.client.serviceregistry.AbstractAutoServiceRegistration.start(AbstractAutoServiceRegistration.java:138)
	at org.springframework.cloud.client.serviceregistry.AbstractAutoServiceRegistration.bind(AbstractAutoServiceRegistration.java:101)
	at org.springframework.cloud.client.serviceregistry.AbstractAutoServiceRegistration.onApplicationEvent(AbstractAutoServiceRegistration.java:88)
	at org.springframework.cloud.client.serviceregistry.AbstractAutoServiceRegistration.onApplicationEvent(AbstractAutoServiceRegistration.java:47)
	at org.springframework.context.event.SimpleApplicationEventMulticaster.doInvokeListener(SimpleApplicationEventMulticaster.java:172)
	at org.springframework.context.event.SimpleApplicationEventMulticaster.invokeListener(SimpleApplicationEventMulticaster.java:165)
	at org.springframework.context.event.SimpleApplicationEventMulticaster.multicastEvent(SimpleApplicationEventMulticaster.java:139)
	at org.springframework.context.support.AbstractApplicationContext.publishEvent(AbstractApplicationContext.java:403)
	at org.springframework.context.support.AbstractApplicationContext.publishEvent(AbstractApplicationContext.java:360)
	at org.springframework.boot.web.servlet.context.ServletWebServerApplicationContext.finishRefresh(ServletWebServerApplicationContext.java:165)
	at org.springframework.context.support.AbstractApplicationContext.refresh(AbstractApplicationContext.java:553)
	at org.springframework.boot.web.servlet.context.ServletWebServerApplicationContext.refresh(ServletWebServerApplicationContext.java:141)
	at org.springframework.boot.SpringApplication.refresh(SpringApplication.java:747)
	at org.springframework.boot.SpringApplication.refreshContext(SpringApplication.java:397)
	at org.springframework.boot.SpringApplication.run(SpringApplication.java:315)
	at org.springframework.boot.SpringApplication.run(SpringApplication.java:1226)
	at org.springframework.boot.SpringApplication.run(SpringApplication.java:1215)
	at com.college.serviceedu.EduApplication.main(EduApplication.java:17)
2020-10-21 10:27:16.753 [ThreadPoolTaskScheduler-1] ERROR o.s.cloud.alibaba.nacos.discovery.NacosWatch - Error watching Nacos Service change
java.lang.IllegalStateException: failed to req API:/nacos/v1/ns/service/list after all servers([127.0.0.1:8848]) tried: failed to req API:http://127.0.0.1:8848/nacos/v1/ns/service/list. code:500 msg: java.net.ConnectException: Connection refused: connect
	at com.alibaba.nacos.client.naming.net.NamingProxy.reqAPI(NamingProxy.java:380)
	at com.alibaba.nacos.client.naming.net.NamingProxy.reqAPI(NamingProxy.java:346)
	at com.alibaba.nacos.client.naming.net.NamingProxy.reqAPI(NamingProxy.java:294)
	at com.alibaba.nacos.client.naming.net.NamingProxy.getServiceList(NamingProxy.java:276)
	at com.alibaba.nacos.client.naming.net.NamingProxy.getServiceList(NamingProxy.java:252)
	at com.alibaba.nacos.client.naming.NacosNamingService.getServicesOfServer(NacosNamingService.java:525)
	at org.springframework.cloud.alibaba.nacos.discovery.NacosWatch.nacosServicesWatch(NacosWatch.java:127)
	at org.springframework.scheduling.support.DelegatingErrorHandlingRunnable.run(DelegatingErrorHandlingRunnable.java:54)
	at java.util.concurrent.Executors$RunnableAdapter.call(Executors.java:511)
	at java.util.concurrent.FutureTask.runAndReset(FutureTask.java:308)
	at java.util.concurrent.ScheduledThreadPoolExecutor$ScheduledFutureTask.access$301(ScheduledThreadPoolExecutor.java:180)
	at java.util.concurrent.ScheduledThreadPoolExecutor$ScheduledFutureTask.run(ScheduledThreadPoolExecutor.java:294)
	at java.util.concurrent.ThreadPoolExecutor.runWorker(ThreadPoolExecutor.java:1149)
	at java.util.concurrent.ThreadPoolExecutor$Worker.run(ThreadPoolExecutor.java:624)
	at java.lang.Thread.run(Thread.java:748)
2020-10-21 10:27:48.760 [ThreadPoolTaskScheduler-1] ERROR o.s.cloud.alibaba.nacos.discovery.NacosWatch - Error watching Nacos Service change
java.lang.IllegalStateException: failed to req API:/nacos/v1/ns/service/list after all servers([127.0.0.1:8848]) tried: failed to req API:http://127.0.0.1:8848/nacos/v1/ns/service/list. code:500 msg: java.net.ConnectException: Connection refused: connect
	at com.alibaba.nacos.client.naming.net.NamingProxy.reqAPI(NamingProxy.java:380)
	at com.alibaba.nacos.client.naming.net.NamingProxy.reqAPI(NamingProxy.java:346)
	at com.alibaba.nacos.client.naming.net.NamingProxy.reqAPI(NamingProxy.java:294)
	at com.alibaba.nacos.client.naming.net.NamingProxy.getServiceList(NamingProxy.java:276)
	at com.alibaba.nacos.client.naming.net.NamingProxy.getServiceList(NamingProxy.java:252)
	at com.alibaba.nacos.client.naming.NacosNamingService.getServicesOfServer(NacosNamingService.java:525)
	at org.springframework.cloud.alibaba.nacos.discovery.NacosWatch.nacosServicesWatch(NacosWatch.java:127)
	at org.springframework.scheduling.support.DelegatingErrorHandlingRunnable.run(DelegatingErrorHandlingRunnable.java:54)
	at java.util.concurrent.Executors$RunnableAdapter.call(Executors.java:511)
	at java.util.concurrent.FutureTask.runAndReset(FutureTask.java:308)
	at java.util.concurrent.ScheduledThreadPoolExecutor$ScheduledFutureTask.access$301(ScheduledThreadPoolExecutor.java:180)
	at java.util.concurrent.ScheduledThreadPoolExecutor$ScheduledFutureTask.run(ScheduledThreadPoolExecutor.java:294)
	at java.util.concurrent.ThreadPoolExecutor.runWorker(ThreadPoolExecutor.java:1149)
	at java.util.concurrent.ThreadPoolExecutor$Worker.run(ThreadPoolExecutor.java:624)
	at java.lang.Thread.run(Thread.java:748)
2020-10-21 10:28:20.778 [ThreadPoolTaskScheduler-1] ERROR o.s.cloud.alibaba.nacos.discovery.NacosWatch - Error watching Nacos Service change
java.lang.IllegalStateException: failed to req API:/nacos/v1/ns/service/list after all servers([127.0.0.1:8848]) tried: failed to req API:http://127.0.0.1:8848/nacos/v1/ns/service/list. code:500 msg: java.net.ConnectException: Connection refused: connect
	at com.alibaba.nacos.client.naming.net.NamingProxy.reqAPI(NamingProxy.java:380)
	at com.alibaba.nacos.client.naming.net.NamingProxy.reqAPI(NamingProxy.java:346)
	at com.alibaba.nacos.client.naming.net.NamingProxy.reqAPI(NamingProxy.java:294)
	at com.alibaba.nacos.client.naming.net.NamingProxy.getServiceList(NamingProxy.java:276)
	at com.alibaba.nacos.client.naming.net.NamingProxy.getServiceList(NamingProxy.java:252)
	at com.alibaba.nacos.client.naming.NacosNamingService.getServicesOfServer(NacosNamingService.java:525)
	at org.springframework.cloud.alibaba.nacos.discovery.NacosWatch.nacosServicesWatch(NacosWatch.java:127)
	at org.springframework.scheduling.support.DelegatingErrorHandlingRunnable.run(DelegatingErrorHandlingRunnable.java:54)
	at java.util.concurrent.Executors$RunnableAdapter.call(Executors.java:511)
	at java.util.concurrent.FutureTask.runAndReset(FutureTask.java:308)
	at java.util.concurrent.ScheduledThreadPoolExecutor$ScheduledFutureTask.access$301(ScheduledThreadPoolExecutor.java:180)
	at java.util.concurrent.ScheduledThreadPoolExecutor$ScheduledFutureTask.run(ScheduledThreadPoolExecutor.java:294)
	at java.util.concurrent.ThreadPoolExecutor.runWorker(ThreadPoolExecutor.java:1149)
	at java.util.concurrent.ThreadPoolExecutor$Worker.run(ThreadPoolExecutor.java:624)
	at java.lang.Thread.run(Thread.java:748)
2020-10-21 10:28:52.786 [ThreadPoolTaskScheduler-1] ERROR o.s.cloud.alibaba.nacos.discovery.NacosWatch - Error watching Nacos Service change
java.lang.IllegalStateException: failed to req API:/nacos/v1/ns/service/list after all servers([127.0.0.1:8848]) tried: failed to req API:http://127.0.0.1:8848/nacos/v1/ns/service/list. code:500 msg: java.net.ConnectException: Connection refused: connect
	at com.alibaba.nacos.client.naming.net.NamingProxy.reqAPI(NamingProxy.java:380)
	at com.alibaba.nacos.client.naming.net.NamingProxy.reqAPI(NamingProxy.java:346)
	at com.alibaba.nacos.client.naming.net.NamingProxy.reqAPI(NamingProxy.java:294)
	at com.alibaba.nacos.client.naming.net.NamingProxy.getServiceList(NamingProxy.java:276)
	at com.alibaba.nacos.client.naming.net.NamingProxy.getServiceList(NamingProxy.java:252)
	at com.alibaba.nacos.client.naming.NacosNamingService.getServicesOfServer(NacosNamingService.java:525)
	at org.springframework.cloud.alibaba.nacos.discovery.NacosWatch.nacosServicesWatch(NacosWatch.java:127)
	at org.springframework.scheduling.support.DelegatingErrorHandlingRunnable.run(DelegatingErrorHandlingRunnable.java:54)
	at java.util.concurrent.Executors$RunnableAdapter.call(Executors.java:511)
	at java.util.concurrent.FutureTask.runAndReset(FutureTask.java:308)
	at java.util.concurrent.ScheduledThreadPoolExecutor$ScheduledFutureTask.access$301(ScheduledThreadPoolExecutor.java:180)
	at java.util.concurrent.ScheduledThreadPoolExecutor$ScheduledFutureTask.run(ScheduledThreadPoolExecutor.java:294)
	at java.util.concurrent.ThreadPoolExecutor.runWorker(ThreadPoolExecutor.java:1149)
	at java.util.concurrent.ThreadPoolExecutor$Worker.run(ThreadPoolExecutor.java:624)
	at java.lang.Thread.run(Thread.java:748)
2020-10-21 10:29:24.793 [ThreadPoolTaskScheduler-1] ERROR o.s.cloud.alibaba.nacos.discovery.NacosWatch - Error watching Nacos Service change
java.lang.IllegalStateException: failed to req API:/nacos/v1/ns/service/list after all servers([127.0.0.1:8848]) tried: failed to req API:http://127.0.0.1:8848/nacos/v1/ns/service/list. code:500 msg: java.net.ConnectException: Connection refused: connect
	at com.alibaba.nacos.client.naming.net.NamingProxy.reqAPI(NamingProxy.java:380)
	at com.alibaba.nacos.client.naming.net.NamingProxy.reqAPI(NamingProxy.java:346)
	at com.alibaba.nacos.client.naming.net.NamingProxy.reqAPI(NamingProxy.java:294)
	at com.alibaba.nacos.client.naming.net.NamingProxy.getServiceList(NamingProxy.java:276)
	at com.alibaba.nacos.client.naming.net.NamingProxy.getServiceList(NamingProxy.java:252)
	at com.alibaba.nacos.client.naming.NacosNamingService.getServicesOfServer(NacosNamingService.java:525)
	at org.springframework.cloud.alibaba.nacos.discovery.NacosWatch.nacosServicesWatch(NacosWatch.java:127)
	at org.springframework.scheduling.support.DelegatingErrorHandlingRunnable.run(DelegatingErrorHandlingRunnable.java:54)
	at java.util.concurrent.Executors$RunnableAdapter.call(Executors.java:511)
	at java.util.concurrent.FutureTask.runAndReset(FutureTask.java:308)
	at java.util.concurrent.ScheduledThreadPoolExecutor$ScheduledFutureTask.access$301(ScheduledThreadPoolExecutor.java:180)
	at java.util.concurrent.ScheduledThreadPoolExecutor$ScheduledFutureTask.run(ScheduledThreadPoolExecutor.java:294)
	at java.util.concurrent.ThreadPoolExecutor.runWorker(ThreadPoolExecutor.java:1149)
	at java.util.concurrent.ThreadPoolExecutor$Worker.run(ThreadPoolExecutor.java:624)
	at java.lang.Thread.run(Thread.java:748)
2020-10-21 10:29:56.801 [ThreadPoolTaskScheduler-1] ERROR o.s.cloud.alibaba.nacos.discovery.NacosWatch - Error watching Nacos Service change
java.lang.IllegalStateException: failed to req API:/nacos/v1/ns/service/list after all servers([127.0.0.1:8848]) tried: failed to req API:http://127.0.0.1:8848/nacos/v1/ns/service/list. code:500 msg: java.net.ConnectException: Connection refused: connect
	at com.alibaba.nacos.client.naming.net.NamingProxy.reqAPI(NamingProxy.java:380)
	at com.alibaba.nacos.client.naming.net.NamingProxy.reqAPI(NamingProxy.java:346)
	at com.alibaba.nacos.client.naming.net.NamingProxy.reqAPI(NamingProxy.java:294)
	at com.alibaba.nacos.client.naming.net.NamingProxy.getServiceList(NamingProxy.java:276)
	at com.alibaba.nacos.client.naming.net.NamingProxy.getServiceList(NamingProxy.java:252)
	at com.alibaba.nacos.client.naming.NacosNamingService.getServicesOfServer(NacosNamingService.java:525)
	at org.springframework.cloud.alibaba.nacos.discovery.NacosWatch.nacosServicesWatch(NacosWatch.java:127)
	at org.springframework.scheduling.support.DelegatingErrorHandlingRunnable.run(DelegatingErrorHandlingRunnable.java:54)
	at java.util.concurrent.Executors$RunnableAdapter.call(Executors.java:511)
	at java.util.concurrent.FutureTask.runAndReset(FutureTask.java:308)
	at java.util.concurrent.ScheduledThreadPoolExecutor$ScheduledFutureTask.access$301(ScheduledThreadPoolExecutor.java:180)
	at java.util.concurrent.ScheduledThreadPoolExecutor$ScheduledFutureTask.run(ScheduledThreadPoolExecutor.java:294)
	at java.util.concurrent.ThreadPoolExecutor.runWorker(ThreadPoolExecutor.java:1149)
	at java.util.concurrent.ThreadPoolExecutor$Worker.run(ThreadPoolExecutor.java:624)
	at java.lang.Thread.run(Thread.java:748)
2020-10-21 10:30:28.812 [ThreadPoolTaskScheduler-1] ERROR o.s.cloud.alibaba.nacos.discovery.NacosWatch - Error watching Nacos Service change
java.lang.IllegalStateException: failed to req API:/nacos/v1/ns/service/list after all servers([127.0.0.1:8848]) tried: failed to req API:http://127.0.0.1:8848/nacos/v1/ns/service/list. code:500 msg: java.net.ConnectException: Connection refused: connect
	at com.alibaba.nacos.client.naming.net.NamingProxy.reqAPI(NamingProxy.java:380)
	at com.alibaba.nacos.client.naming.net.NamingProxy.reqAPI(NamingProxy.java:346)
	at com.alibaba.nacos.client.naming.net.NamingProxy.reqAPI(NamingProxy.java:294)
	at com.alibaba.nacos.client.naming.net.NamingProxy.getServiceList(NamingProxy.java:276)
	at com.alibaba.nacos.client.naming.net.NamingProxy.getServiceList(NamingProxy.java:252)
	at com.alibaba.nacos.client.naming.NacosNamingService.getServicesOfServer(NacosNamingService.java:525)
	at org.springframework.cloud.alibaba.nacos.discovery.NacosWatch.nacosServicesWatch(NacosWatch.java:127)
	at org.springframework.scheduling.support.DelegatingErrorHandlingRunnable.run(DelegatingErrorHandlingRunnable.java:54)
	at java.util.concurrent.Executors$RunnableAdapter.call(Executors.java:511)
	at java.util.concurrent.FutureTask.runAndReset(FutureTask.java:308)
	at java.util.concurrent.ScheduledThreadPoolExecutor$ScheduledFutureTask.access$301(ScheduledThreadPoolExecutor.java:180)
	at java.util.concurrent.ScheduledThreadPoolExecutor$ScheduledFutureTask.run(ScheduledThreadPoolExecutor.java:294)
	at java.util.concurrent.ThreadPoolExecutor.runWorker(ThreadPoolExecutor.java:1149)
	at java.util.concurrent.ThreadPoolExecutor$Worker.run(ThreadPoolExecutor.java:624)
	at java.lang.Thread.run(Thread.java:748)
2020-10-21 10:31:00.824 [ThreadPoolTaskScheduler-1] ERROR o.s.cloud.alibaba.nacos.discovery.NacosWatch - Error watching Nacos Service change
java.lang.IllegalStateException: failed to req API:/nacos/v1/ns/service/list after all servers([127.0.0.1:8848]) tried: failed to req API:http://127.0.0.1:8848/nacos/v1/ns/service/list. code:500 msg: java.net.ConnectException: Connection refused: connect
	at com.alibaba.nacos.client.naming.net.NamingProxy.reqAPI(NamingProxy.java:380)
	at com.alibaba.nacos.client.naming.net.NamingProxy.reqAPI(NamingProxy.java:346)
	at com.alibaba.nacos.client.naming.net.NamingProxy.reqAPI(NamingProxy.java:294)
	at com.alibaba.nacos.client.naming.net.NamingProxy.getServiceList(NamingProxy.java:276)
	at com.alibaba.nacos.client.naming.net.NamingProxy.getServiceList(NamingProxy.java:252)
	at com.alibaba.nacos.client.naming.NacosNamingService.getServicesOfServer(NacosNamingService.java:525)
	at org.springframework.cloud.alibaba.nacos.discovery.NacosWatch.nacosServicesWatch(NacosWatch.java:127)
	at org.springframework.scheduling.support.DelegatingErrorHandlingRunnable.run(DelegatingErrorHandlingRunnable.java:54)
	at java.util.concurrent.Executors$RunnableAdapter.call(Executors.java:511)
	at java.util.concurrent.FutureTask.runAndReset(FutureTask.java:308)
	at java.util.concurrent.ScheduledThreadPoolExecutor$ScheduledFutureTask.access$301(ScheduledThreadPoolExecutor.java:180)
	at java.util.concurrent.ScheduledThreadPoolExecutor$ScheduledFutureTask.run(ScheduledThreadPoolExecutor.java:294)
	at java.util.concurrent.ThreadPoolExecutor.runWorker(ThreadPoolExecutor.java:1149)
	at java.util.concurrent.ThreadPoolExecutor$Worker.run(ThreadPoolExecutor.java:624)
	at java.lang.Thread.run(Thread.java:748)
2020-10-21 10:31:32.829 [ThreadPoolTaskScheduler-1] ERROR o.s.cloud.alibaba.nacos.discovery.NacosWatch - Error watching Nacos Service change
java.lang.IllegalStateException: failed to req API:/nacos/v1/ns/service/list after all servers([127.0.0.1:8848]) tried: failed to req API:http://127.0.0.1:8848/nacos/v1/ns/service/list. code:500 msg: java.net.ConnectException: Connection refused: connect
	at com.alibaba.nacos.client.naming.net.NamingProxy.reqAPI(NamingProxy.java:380)
	at com.alibaba.nacos.client.naming.net.NamingProxy.reqAPI(NamingProxy.java:346)
	at com.alibaba.nacos.client.naming.net.NamingProxy.reqAPI(NamingProxy.java:294)
	at com.alibaba.nacos.client.naming.net.NamingProxy.getServiceList(NamingProxy.java:276)
	at com.alibaba.nacos.client.naming.net.NamingProxy.getServiceList(NamingProxy.java:252)
	at com.alibaba.nacos.client.naming.NacosNamingService.getServicesOfServer(NacosNamingService.java:525)
	at org.springframework.cloud.alibaba.nacos.discovery.NacosWatch.nacosServicesWatch(NacosWatch.java:127)
	at org.springframework.scheduling.support.DelegatingErrorHandlingRunnable.run(DelegatingErrorHandlingRunnable.java:54)
	at java.util.concurrent.Executors$RunnableAdapter.call(Executors.java:511)
	at java.util.concurrent.FutureTask.runAndReset(FutureTask.java:308)
	at java.util.concurrent.ScheduledThreadPoolExecutor$ScheduledFutureTask.access$301(ScheduledThreadPoolExecutor.java:180)
	at java.util.concurrent.ScheduledThreadPoolExecutor$ScheduledFutureTask.run(ScheduledThreadPoolExecutor.java:294)
	at java.util.concurrent.ThreadPoolExecutor.runWorker(ThreadPoolExecutor.java:1149)
	at java.util.concurrent.ThreadPoolExecutor$Worker.run(ThreadPoolExecutor.java:624)
	at java.lang.Thread.run(Thread.java:748)
2020-10-21 10:32:04.836 [ThreadPoolTaskScheduler-1] ERROR o.s.cloud.alibaba.nacos.discovery.NacosWatch - Error watching Nacos Service change
java.lang.IllegalStateException: failed to req API:/nacos/v1/ns/service/list after all servers([127.0.0.1:8848]) tried: failed to req API:http://127.0.0.1:8848/nacos/v1/ns/service/list. code:500 msg: java.net.ConnectException: Connection refused: connect
	at com.alibaba.nacos.client.naming.net.NamingProxy.reqAPI(NamingProxy.java:380)
	at com.alibaba.nacos.client.naming.net.NamingProxy.reqAPI(NamingProxy.java:346)
	at com.alibaba.nacos.client.naming.net.NamingProxy.reqAPI(NamingProxy.java:294)
	at com.alibaba.nacos.client.naming.net.NamingProxy.getServiceList(NamingProxy.java:276)
	at com.alibaba.nacos.client.naming.net.NamingProxy.getServiceList(NamingProxy.java:252)
	at com.alibaba.nacos.client.naming.NacosNamingService.getServicesOfServer(NacosNamingService.java:525)
	at org.springframework.cloud.alibaba.nacos.discovery.NacosWatch.nacosServicesWatch(NacosWatch.java:127)
	at org.springframework.scheduling.support.DelegatingErrorHandlingRunnable.run(DelegatingErrorHandlingRunnable.java:54)
	at java.util.concurrent.Executors$RunnableAdapter.call(Executors.java:511)
	at java.util.concurrent.FutureTask.runAndReset(FutureTask.java:308)
	at java.util.concurrent.ScheduledThreadPoolExecutor$ScheduledFutureTask.access$301(ScheduledThreadPoolExecutor.java:180)
	at java.util.concurrent.ScheduledThreadPoolExecutor$ScheduledFutureTask.run(ScheduledThreadPoolExecutor.java:294)
	at java.util.concurrent.ThreadPoolExecutor.runWorker(ThreadPoolExecutor.java:1149)
	at java.util.concurrent.ThreadPoolExecutor$Worker.run(ThreadPoolExecutor.java:624)
	at java.lang.Thread.run(Thread.java:748)
2020-10-21 10:32:36.839 [ThreadPoolTaskScheduler-1] ERROR o.s.cloud.alibaba.nacos.discovery.NacosWatch - Error watching Nacos Service change
java.lang.IllegalStateException: failed to req API:/nacos/v1/ns/service/list after all servers([127.0.0.1:8848]) tried: failed to req API:http://127.0.0.1:8848/nacos/v1/ns/service/list. code:500 msg: java.net.ConnectException: Connection refused: connect
	at com.alibaba.nacos.client.naming.net.NamingProxy.reqAPI(NamingProxy.java:380)
	at com.alibaba.nacos.client.naming.net.NamingProxy.reqAPI(NamingProxy.java:346)
	at com.alibaba.nacos.client.naming.net.NamingProxy.reqAPI(NamingProxy.java:294)
	at com.alibaba.nacos.client.naming.net.NamingProxy.getServiceList(NamingProxy.java:276)
	at com.alibaba.nacos.client.naming.net.NamingProxy.getServiceList(NamingProxy.java:252)
	at com.alibaba.nacos.client.naming.NacosNamingService.getServicesOfServer(NacosNamingService.java:525)
	at org.springframework.cloud.alibaba.nacos.discovery.NacosWatch.nacosServicesWatch(NacosWatch.java:127)
	at org.springframework.scheduling.support.DelegatingErrorHandlingRunnable.run(DelegatingErrorHandlingRunnable.java:54)
	at java.util.concurrent.Executors$RunnableAdapter.call(Executors.java:511)
	at java.util.concurrent.FutureTask.runAndReset(FutureTask.java:308)
	at java.util.concurrent.ScheduledThreadPoolExecutor$ScheduledFutureTask.access$301(ScheduledThreadPoolExecutor.java:180)
	at java.util.concurrent.ScheduledThreadPoolExecutor$ScheduledFutureTask.run(ScheduledThreadPoolExecutor.java:294)
	at java.util.concurrent.ThreadPoolExecutor.runWorker(ThreadPoolExecutor.java:1149)
	at java.util.concurrent.ThreadPoolExecutor$Worker.run(ThreadPoolExecutor.java:624)
	at java.lang.Thread.run(Thread.java:748)
2020-10-21 10:33:08.849 [ThreadPoolTaskScheduler-1] ERROR o.s.cloud.alibaba.nacos.discovery.NacosWatch - Error watching Nacos Service change
java.lang.IllegalStateException: failed to req API:/nacos/v1/ns/service/list after all servers([127.0.0.1:8848]) tried: failed to req API:http://127.0.0.1:8848/nacos/v1/ns/service/list. code:500 msg: java.net.ConnectException: Connection refused: connect
	at com.alibaba.nacos.client.naming.net.NamingProxy.reqAPI(NamingProxy.java:380)
	at com.alibaba.nacos.client.naming.net.NamingProxy.reqAPI(NamingProxy.java:346)
	at com.alibaba.nacos.client.naming.net.NamingProxy.reqAPI(NamingProxy.java:294)
	at com.alibaba.nacos.client.naming.net.NamingProxy.getServiceList(NamingProxy.java:276)
	at com.alibaba.nacos.client.naming.net.NamingProxy.getServiceList(NamingProxy.java:252)
	at com.alibaba.nacos.client.naming.NacosNamingService.getServicesOfServer(NacosNamingService.java:525)
	at org.springframework.cloud.alibaba.nacos.discovery.NacosWatch.nacosServicesWatch(NacosWatch.java:127)
	at org.springframework.scheduling.support.DelegatingErrorHandlingRunnable.run(DelegatingErrorHandlingRunnable.java:54)
	at java.util.concurrent.Executors$RunnableAdapter.call(Executors.java:511)
	at java.util.concurrent.FutureTask.runAndReset(FutureTask.java:308)
	at java.util.concurrent.ScheduledThreadPoolExecutor$ScheduledFutureTask.access$301(ScheduledThreadPoolExecutor.java:180)
	at java.util.concurrent.ScheduledThreadPoolExecutor$ScheduledFutureTask.run(ScheduledThreadPoolExecutor.java:294)
	at java.util.concurrent.ThreadPoolExecutor.runWorker(ThreadPoolExecutor.java:1149)
	at java.util.concurrent.ThreadPoolExecutor$Worker.run(ThreadPoolExecutor.java:624)
	at java.lang.Thread.run(Thread.java:748)
2020-10-21 10:33:40.855 [ThreadPoolTaskScheduler-1] ERROR o.s.cloud.alibaba.nacos.discovery.NacosWatch - Error watching Nacos Service change
java.lang.IllegalStateException: failed to req API:/nacos/v1/ns/service/list after all servers([127.0.0.1:8848]) tried: failed to req API:http://127.0.0.1:8848/nacos/v1/ns/service/list. code:500 msg: java.net.ConnectException: Connection refused: connect
	at com.alibaba.nacos.client.naming.net.NamingProxy.reqAPI(NamingProxy.java:380)
	at com.alibaba.nacos.client.naming.net.NamingProxy.reqAPI(NamingProxy.java:346)
	at com.alibaba.nacos.client.naming.net.NamingProxy.reqAPI(NamingProxy.java:294)
	at com.alibaba.nacos.client.naming.net.NamingProxy.getServiceList(NamingProxy.java:276)
	at com.alibaba.nacos.client.naming.net.NamingProxy.getServiceList(NamingProxy.java:252)
	at com.alibaba.nacos.client.naming.NacosNamingService.getServicesOfServer(NacosNamingService.java:525)
	at org.springframework.cloud.alibaba.nacos.discovery.NacosWatch.nacosServicesWatch(NacosWatch.java:127)
	at org.springframework.scheduling.support.DelegatingErrorHandlingRunnable.run(DelegatingErrorHandlingRunnable.java:54)
	at java.util.concurrent.Executors$RunnableAdapter.call(Executors.java:511)
	at java.util.concurrent.FutureTask.runAndReset(FutureTask.java:308)
	at java.util.concurrent.ScheduledThreadPoolExecutor$ScheduledFutureTask.access$301(ScheduledThreadPoolExecutor.java:180)
	at java.util.concurrent.ScheduledThreadPoolExecutor$ScheduledFutureTask.run(ScheduledThreadPoolExecutor.java:294)
	at java.util.concurrent.ThreadPoolExecutor.runWorker(ThreadPoolExecutor.java:1149)
	at java.util.concurrent.ThreadPoolExecutor$Worker.run(ThreadPoolExecutor.java:624)
	at java.lang.Thread.run(Thread.java:748)
